# JRE version: OpenJDK Runtime Environment Temurin-21.0.10+7 (21.0.10+7) (build 21.0.10+7-LTS)
# Java VM: OpenJDK 64-Bit Server VM Temurin-21.0.10+7 (21.0.10+7-LTS, mixed mode, sharing, tiered, compressed oops, compressed class ptrs, parallel gc, windows-amd64)
GC Precious Log:
 CardTable entry size: 512
 CPUs: 16 total, 16 available
 Memory: 7893M
 Large Page Support: Disabled
 NUMA Support: Disabled
 Compressed Oops: Enabled (32-bit)
 Alignments: Space 512K, Generation 512K, Heap 2M
 Heap Min Capacity: 100M
 Heap Initial Capacity: 100M
 Heap Max Capacity: 2G
 Pre-touch: Disabled
 Parallel Workers: 13
Heap:
 PSYoungGen      total 5120K, used 3371K [0x00000000d5580000, 0x00000000d5d80000, 0x0000000100000000)
  eden space 3584K, 61% used [0x00000000d5580000,0x00000000d57a2d20,0x00000000d5900000)
  from space 1536K, 77% used [0x00000000d5c00000,0x00000000d5d28020,0x00000000d5d80000)
  to   space 2048K, 0% used [0x00000000d5980000,0x00000000d5980000,0x00000000d5b80000)
 ParOldGen       total 824320K, used 824258K [0x0000000080000000, 0x00000000b2500000, 0x00000000d5580000)
  object space 824320K, 99% used [0x0000000080000000,0x00000000b24f0a40,0x00000000b2500000)
 Metaspace       used 73849K, committed 75584K, reserved 1179648K
  class space    used 7771K, committed 8576K, reserved 1048576K
GC Heap History (20 events):
Event: 411.739 GC heap before
{Heap before GC invocations=1248 (full 3):
 PSYoungGen      total 4608K, used 4543K [0x00000000d5580000, 0x00000000d5e00000, 0x0000000100000000)
  eden space 2048K, 99% used [0x00000000d5580000,0x00000000d577fff0,0x00000000d5780000)
  from space 2560K, 97% used [0x00000000d5a80000,0x00000000d5cf0000,0x00000000d5d00000)
  to   space 3072K, 0% used [0x00000000d5780000,0x00000000d5780000,0x00000000d5a80000)
 ParOldGen       total 814592K, used 814401K [0x0000000080000000, 0x00000000b1b80000, 0x00000000d5580000)
  object space 814592K, 99% used [0x0000000080000000,0x00000000b1b507f8,0x00000000b1b80000)
 Metaspace       used 73604K, committed 75200K, reserved 1179648K
  class space    used 7742K, committed 8512K, reserved 1048576K
}
Event: 411.742 GC heap after
{Heap after GC invocations=1248 (full 3):
 PSYoungGen      total 5120K, used 2041K [0x00000000d5580000, 0x00000000d5d00000, 0x0000000100000000)
  eden space 2048K, 0% used [0x00000000d5580000,0x00000000d5580000,0x00000000d5780000)
  from space 3072K, 66% used [0x00000000d5780000,0x00000000d597e4a8,0x00000000d5a80000)
  to   space 2560K, 0% used [0x00000000d5a80000,0x00000000d5a80000,0x00000000d5d00000)
 ParOldGen       total 817152K, used 816826K [0x0000000080000000, 0x00000000b1e00000, 0x00000000d5580000)
  object space 817152K, 99% used [0x0000000080000000,0x00000000b1daebc8,0x00000000b1e00000)
 Metaspace       used 73604K, committed 75200K, reserved 1179648K
  class space    used 7742K, committed 8512K, reserved 1048576K
}
Event: 411.744 GC heap before
{Heap before GC invocations=1249 (full 3):
 PSYoungGen      total 5120K, used 4089K [0x00000000d5580000, 0x00000000d5d00000, 0x0000000100000000)
  eden space 2048K, 100% used [0x00000000d5580000,0x00000000d5780000,0x00000000d5780000)
  from space 3072K, 66% used [0x00000000d5780000,0x00000000d597e4a8,0x00000000d5a80000)
  to   space 2560K, 0% used [0x00000000d5a80000,0x00000000d5a80000,0x00000000d5d00000)
 ParOldGen       total 817152K, used 816826K [0x0000000080000000, 0x00000000b1e00000, 0x00000000d5580000)
  object space 817152K, 99% used [0x0000000080000000,0x00000000b1daebc8,0x00000000b1e00000)
 Metaspace       used 73612K, committed 75264K, reserved 1179648K
  class space    used 7743K, committed 8512K, reserved 1048576K
}
Event: 411.747 GC heap after
{Heap after GC invocations=1249 (full 3):
 PSYoungGen      total 5120K, used 2048K [0x00000000d5580000, 0x00000000d5d00000, 0x0000000100000000)
  eden space 2560K, 0% used [0x00000000d5580000,0x00000000d5580000,0x00000000d5800000)
  from space 2560K, 80% used [0x00000000d5a80000,0x00000000d5c80000,0x00000000d5d00000)
  to   space 2560K, 0% used [0x00000000d5800000,0x00000000d5800000,0x00000000d5a80000)
 ParOldGen       total 818688K, used 818647K [0x0000000080000000, 0x00000000b1f80000, 0x00000000d5580000)
  object space 818688K, 99% used [0x0000000080000000,0x00000000b1f75c18,0x00000000b1f80000)
 Metaspace       used 73612K, committed 75264K, reserved 1179648K
  class space    used 7743K, committed 8512K, reserved 1048576K
}
Event: 411.784 GC heap before
{Heap before GC invocations=1250 (full 3):
 PSYoungGen      total 5120K, used 4608K [0x00000000d5580000, 0x00000000d5d00000, 0x0000000100000000)
  eden space 2560K, 100% used [0x00000000d5580000,0x00000000d5800000,0x00000000d5800000)
  from space 2560K, 80% used [0x00000000d5a80000,0x00000000d5c80000,0x00000000d5d00000)
  to   space 2560K, 0% used [0x00000000d5800000,0x00000000d5800000,0x00000000d5a80000)
 ParOldGen       total 818688K, used 818647K [0x0000000080000000, 0x00000000b1f80000, 0x00000000d5580000)
  object space 818688K, 99% used [0x0000000080000000,0x00000000b1f75c18,0x00000000b1f80000)
 Metaspace       used 73717K, committed 75392K, reserved 1179648K
  class space    used 7756K, committed 8576K, reserved 1048576K
}
Event: 411.787 GC heap after
{Heap after GC invocations=1250 (full 3):
 PSYoungGen      total 5120K, used 1520K [0x00000000d5580000, 0x00000000d5c80000, 0x0000000100000000)
  eden space 2560K, 0% used [0x00000000d5580000,0x00000000d5580000,0x00000000d5800000)
  from space 2560K, 59% used [0x00000000d5800000,0x00000000d597c010,0x00000000d5a80000)
  to   space 2048K, 0% used [0x00000000d5a80000,0x00000000d5a80000,0x00000000d5c80000)
 ParOldGen       total 820736K, used 820527K [0x0000000080000000, 0x00000000b2180000, 0x00000000d5580000)
  object space 820736K, 99% used [0x0000000080000000,0x00000000b214bc18,0x00000000b2180000)
 Metaspace       used 73717K, committed 75392K, reserved 1179648K
  class space    used 7756K, committed 8576K, reserved 1048576K
}
Event: 411.795 GC heap before
{Heap before GC invocations=1251 (full 3):
 PSYoungGen      total 5120K, used 3994K [0x00000000d5580000, 0x00000000d5c80000, 0x0000000100000000)
  eden space 2560K, 96% used [0x00000000d5580000,0x00000000d57eab90,0x00000000d5800000)
  from space 2560K, 59% used [0x00000000d5800000,0x00000000d597c010,0x00000000d5a80000)
  to   space 2048K, 0% used [0x00000000d5a80000,0x00000000d5a80000,0x00000000d5c80000)
 ParOldGen       total 820736K, used 820527K [0x0000000080000000, 0x00000000b2180000, 0x00000000d5580000)
  object space 820736K, 99% used [0x0000000080000000,0x00000000b214bc18,0x00000000b2180000)
 Metaspace       used 73717K, committed 75392K, reserved 1179648K
  class space    used 7756K, committed 8576K, reserved 1048576K
}
Event: 411.797 GC heap after
{Heap after GC invocations=1251 (full 3):
 PSYoungGen      total 3584K, used 352K [0x00000000d5580000, 0x00000000d5b00000, 0x0000000100000000)
  eden space 3072K, 0% used [0x00000000d5580000,0x00000000d5580000,0x00000000d5880000)
  from space 512K, 68% used [0x00000000d5a80000,0x00000000d5ad8020,0x00000000d5b00000)
  to   space 1024K, 0% used [0x00000000d5900000,0x00000000d5900000,0x00000000d5a00000)
 ParOldGen       total 822272K, used 821863K [0x0000000080000000, 0x00000000b2300000, 0x00000000d5580000)
  object space 822272K, 99% used [0x0000000080000000,0x00000000b2299c28,0x00000000b2300000)
 Metaspace       used 73717K, committed 75392K, reserved 1179648K
  class space    used 7756K, committed 8576K, reserved 1048576K
}
Event: 411.806 GC heap before
{Heap before GC invocations=1252 (full 3):
 PSYoungGen      total 3584K, used 3331K [0x00000000d5580000, 0x00000000d5b00000, 0x0000000100000000)
  eden space 3072K, 96% used [0x00000000d5580000,0x00000000d5868bf8,0x00000000d5880000)
  from space 512K, 68% used [0x00000000d5a80000,0x00000000d5ad8020,0x00000000d5b00000)
  to   space 1024K, 0% used [0x00000000d5900000,0x00000000d5900000,0x00000000d5a00000)
 ParOldGen       total 822272K, used 821863K [0x0000000080000000, 0x00000000b2300000, 0x00000000d5580000)
  object space 822272K, 99% used [0x0000000080000000,0x00000000b2299c28,0x00000000b2300000)
 Metaspace       used 73717K, committed 75392K, reserved 1179648K
  class space    used 7756K, committed 8576K, reserved 1048576K
}
Event: 411.807 GC heap after
{Heap after GC invocations=1252 (full 3):
 PSYoungGen      total 4608K, used 224K [0x00000000d5580000, 0x00000000d5b00000, 0x0000000100000000)
  eden space 3584K, 0% used [0x00000000d5580000,0x00000000d5580000,0x00000000d5900000)
  from space 1024K, 21% used [0x00000000d5900000,0x00000000d5938000,0x00000000d5a00000)
  to   space 512K, 0% used [0x00000000d5a80000,0x00000000d5a80000,0x00000000d5b00000)
 ParOldGen       total 822272K, used 822023K [0x0000000080000000, 0x00000000b2300000, 0x00000000d5580000)
  object space 822272K, 99% used [0x0000000080000000,0x00000000b22c1c48,0x00000000b2300000)
 Metaspace       used 73717K, committed 75392K, reserved 1179648K
  class space    used 7756K, committed 8576K, reserved 1048576K
}
Event: 411.820 GC heap before
{Heap before GC invocations=1253 (full 3):
 PSYoungGen      total 4608K, used 3696K [0x00000000d5580000, 0x00000000d5b00000, 0x0000000100000000)
  eden space 3584K, 96% used [0x00000000d5580000,0x00000000d58e4238,0x00000000d5900000)
  from space 1024K, 21% used [0x00000000d5900000,0x00000000d5938000,0x00000000d5a00000)
  to   space 512K, 0% used [0x00000000d5a80000,0x00000000d5a80000,0x00000000d5b00000)
 ParOldGen       total 822272K, used 822023K [0x0000000080000000, 0x00000000b2300000, 0x00000000d5580000)
  object space 822272K, 99% used [0x0000000080000000,0x00000000b22c1c48,0x00000000b2300000)
 Metaspace       used 73726K, committed 75392K, reserved 1179648K
  class space    used 7756K, committed 8576K, reserved 1048576K
}
Event: 411.821 GC heap after
{Heap after GC invocations=1253 (full 3):
 PSYoungGen      total 4096K, used 288K [0x00000000d5580000, 0x00000000d5b00000, 0x0000000100000000)
  eden space 3584K, 0% used [0x00000000d5580000,0x00000000d5580000,0x00000000d5900000)
  from space 512K, 56% used [0x00000000d5a80000,0x00000000d5ac8000,0x00000000d5b00000)
  to   space 512K, 0% used [0x00000000d5a00000,0x00000000d5a00000,0x00000000d5a80000)
 ParOldGen       total 822272K, used 822103K [0x0000000080000000, 0x00000000b2300000, 0x00000000d5580000)
  object space 822272K, 99% used [0x0000000080000000,0x00000000b22d5c48,0x00000000b2300000)
 Metaspace       used 73726K, committed 75392K, reserved 1179648K
  class space    used 7756K, committed 8576K, reserved 1048576K
}
Event: 411.924 GC heap before
{Heap before GC invocations=1254 (full 3):
 PSYoungGen      total 4096K, used 3872K [0x00000000d5580000, 0x00000000d5b00000, 0x0000000100000000)
  eden space 3584K, 100% used [0x00000000d5580000,0x00000000d5900000,0x00000000d5900000)
  from space 512K, 56% used [0x00000000d5a80000,0x00000000d5ac8000,0x00000000d5b00000)
  to   space 512K, 0% used [0x00000000d5a00000,0x00000000d5a00000,0x00000000d5a80000)
 ParOldGen       total 822272K, used 822103K [0x0000000080000000, 0x00000000b2300000, 0x00000000d5580000)
  object space 822272K, 99% used [0x0000000080000000,0x00000000b22d5c48,0x00000000b2300000)
 Metaspace       used 73734K, committed 75392K, reserved 1179648K
  class space    used 7756K, committed 8576K, reserved 1048576K
}
Event: 411.925 GC heap after
{Heap after GC invocations=1254 (full 3):
 PSYoungGen      total 4096K, used 320K [0x00000000d5580000, 0x00000000d5b00000, 0x0000000100000000)
  eden space 3584K, 0% used [0x00000000d5580000,0x00000000d5580000,0x00000000d5900000)
  from space 512K, 62% used [0x00000000d5a00000,0x00000000d5a50000,0x00000000d5a80000)
  to   space 512K, 0% used [0x00000000d5a80000,0x00000000d5a80000,0x00000000d5b00000)
 ParOldGen       total 822272K, used 822167K [0x0000000080000000, 0x00000000b2300000, 0x00000000d5580000)
  object space 822272K, 99% used [0x0000000080000000,0x00000000b22e5c48,0x00000000b2300000)
 Metaspace       used 73734K, committed 75392K, reserved 1179648K
  class space    used 7756K, committed 8576K, reserved 1048576K
}
Event: 424.319 GC heap before
{Heap before GC invocations=1255 (full 3):
 PSYoungGen      total 4096K, used 3899K [0x00000000d5580000, 0x00000000d5b00000, 0x0000000100000000)
  eden space 3584K, 99% used [0x00000000d5580000,0x00000000d58fed28,0x00000000d5900000)
  from space 512K, 62% used [0x00000000d5a00000,0x00000000d5a50000,0x00000000d5a80000)
  to   space 512K, 0% used [0x00000000d5a80000,0x00000000d5a80000,0x00000000d5b00000)
 ParOldGen       total 822272K, used 822167K [0x0000000080000000, 0x00000000b2300000, 0x00000000d5580000)
  object space 822272K, 99% used [0x0000000080000000,0x00000000b22e5c48,0x00000000b2300000)
 Metaspace       used 73786K, committed 75456K, reserved 1179648K
  class space    used 7765K, committed 8576K, reserved 1048576K
}
Event: 424.321 GC heap after
{Heap after GC invocations=1255 (full 3):
 PSYoungGen      total 4096K, used 437K [0x00000000d5580000, 0x00000000d5b00000, 0x0000000100000000)
  eden space 3584K, 0% used [0x00000000d5580000,0x00000000d5580000,0x00000000d5900000)
  from space 512K, 85% used [0x00000000d5a80000,0x00000000d5aed428,0x00000000d5b00000)
  to   space 512K, 0% used [0x00000000d5a00000,0x00000000d5a00000,0x00000000d5a80000)
 ParOldGen       total 822784K, used 822279K [0x0000000080000000, 0x00000000b2380000, 0x00000000d5580000)
  object space 822784K, 99% used [0x0000000080000000,0x00000000b2301c48,0x00000000b2380000)
 Metaspace       used 73786K, committed 75456K, reserved 1179648K
  class space    used 7765K, committed 8576K, reserved 1048576K
}
Event: 424.358 GC heap before
{Heap before GC invocations=1256 (full 3):
 PSYoungGen      total 4096K, used 4021K [0x00000000d5580000, 0x00000000d5b00000, 0x0000000100000000)
  eden space 3584K, 100% used [0x00000000d5580000,0x00000000d5900000,0x00000000d5900000)
  from space 512K, 85% used [0x00000000d5a80000,0x00000000d5aed428,0x00000000d5b00000)
  to   space 512K, 0% used [0x00000000d5a00000,0x00000000d5a00000,0x00000000d5a80000)
 ParOldGen       total 822784K, used 822279K [0x0000000080000000, 0x00000000b2380000, 0x00000000d5580000)
  object space 822784K, 99% used [0x0000000080000000,0x00000000b2301c48,0x00000000b2380000)
 Metaspace       used 73787K, committed 75456K, reserved 1179648K
  class space    used 7765K, committed 8576K, reserved 1048576K
}
Event: 424.361 GC heap after
{Heap after GC invocations=1256 (full 3):
 PSYoungGen      total 4096K, used 512K [0x00000000d5580000, 0x00000000d5f00000, 0x0000000100000000)
  eden space 3584K, 0% used [0x00000000d5580000,0x00000000d5580000,0x00000000d5900000)
  from space 512K, 100% used [0x00000000d5a00000,0x00000000d5a80000,0x00000000d5a80000)
  to   space 3072K, 0% used [0x00000000d5c00000,0x00000000d5c00000,0x00000000d5f00000)
 ParOldGen       total 824320K, used 824026K [0x0000000080000000, 0x00000000b2500000, 0x00000000d5580000)
  object space 824320K, 99% used [0x0000000080000000,0x00000000b24b6a40,0x00000000b2500000)
 Metaspace       used 73787K, committed 75456K, reserved 1179648K
  class space    used 7765K, committed 8576K, reserved 1048576K
}
Event: 451.546 GC heap before
{Heap before GC invocations=1257 (full 3):
 PSYoungGen      total 4096K, used 4096K [0x00000000d5580000, 0x00000000d5f00000, 0x0000000100000000)
  eden space 3584K, 100% used [0x00000000d5580000,0x00000000d5900000,0x00000000d5900000)
  from space 512K, 100% used [0x00000000d5a00000,0x00000000d5a80000,0x00000000d5a80000)
  to   space 3072K, 0% used [0x00000000d5c00000,0x00000000d5c00000,0x00000000d5f00000)
 ParOldGen       total 824320K, used 824026K [0x0000000080000000, 0x00000000b2500000, 0x00000000d5580000)
  object space 824320K, 99% used [0x0000000080000000,0x00000000b24b6a40,0x00000000b2500000)
 Metaspace       used 73803K, committed 75456K, reserved 1179648K
  class space    used 7768K, committed 8576K, reserved 1048576K
}
Event: 451.548 GC heap after
{Heap after GC invocations=1257 (full 3):
 PSYoungGen      total 5120K, used 1184K [0x00000000d5580000, 0x00000000d5d80000, 0x0000000100000000)
  eden space 3584K, 0% used [0x00000000d5580000,0x00000000d5580000,0x00000000d5900000)
  from space 1536K, 77% used [0x00000000d5c00000,0x00000000d5d28020,0x00000000d5d80000)
  to   space 2048K, 0% used [0x00000000d5980000,0x00000000d5980000,0x00000000d5b80000)
 ParOldGen       total 824320K, used 824258K [0x0000000080000000, 0x00000000b2500000, 0x00000000d5580000)
  object space 824320K, 99% used [0x0000000080000000,0x00000000b24f0a40,0x00000000b2500000)
 Metaspace       used 73803K, committed 75456K, reserved 1179648K
  class space    used 7768K, committed 8576K, reserved 1048576K
}

